<?xml version="1.0" encoding="UTF-8"?>
<!-- Generated by org.testng.reporters.JUnitReportReporter -->
<testsuite hostname="DESKTOP-DQN0RRE" failures="0" tests="1" name="com.purna.runner.RunPurnaTest" time="13.571" errors="0" timestamp="2023-05-07T09:39:55 IST" skipped="0">
  <testcase classname="com.purna.runner.RunPurnaTest" name="runScenario" time="13.571"/>
  <system-out/>
</testsuite> <!-- com.purna.runner.RunPurnaTest -->
